#
# There is insufficient memory for the Java Runtime Environment to continue.
# Native memory allocation (malloc) failed to allocate 1410576 bytes for Chunk::new
# Possible reasons:
#   The system is out of physical RAM or swap space
#   The process is running with CompressedOops enabled, and the Java Heap may be blocking the growth of the native heap
# Possible solutions:
#   Reduce memory load on the system
#   Increase physical memory or swap space
#   Check if swap backing store is full
#   Decrease Java heap size (-Xmx/-Xms)
#   Decrease number of Java threads
#   Decrease Java thread stack sizes (-Xss)
#   Set larger code cache with -XX:ReservedCodeCacheSize=
#   JVM is running with Unscaled Compressed Oops mode in which the Java heap is
#     placed in the first 4GB address space. The Java Heap base address is the
#     maximum limit for the native heap growth. Please use -XX:HeapBaseMinAddress
#     to set the Java Heap base and to place the Java Heap above 4GB virtual address.
# This output file may be truncated or incomplete.
#
#  Out of Memory Error (allocation.cpp:389), pid=7604, tid=0x0000000000003fe4
#
# JRE version: OpenJDK Runtime Environment (8.0_242-b01) (build 1.8.0_242-release-1644-b01)
# Java VM: OpenJDK 64-Bit Server VM (25.242-b01 mixed mode windows-amd64 compressed oops)
# Failed to write core dump. Minidumps are not enabled by default on client versions of Windows
#

---------------  T H R E A D  ---------------

Current thread (0x0000000019bae800):  JavaThread "C2 CompilerThread1" daemon [_thread_in_native, id=16356, stack(0x000000001a470000,0x000000001a570000)]

Stack: [0x000000001a470000,0x000000001a570000]
[error occurred during error reporting (printing stack bounds), id 0xc0000005]

Native frames: (J=compiled Java code, j=interpreted, Vv=VM code, C=native code)


Current CompileTask:
C2:1297393 21978       4       com.android.tools.r8.s.b.U0::a (376 bytes)


---------------  P R O C E S S  ---------------

Java Threads: ( => current thread )
  0x0000000019dae800 JavaThread "WorkerExecutor Queue Thread 3" [_thread_blocked, id=19532, stack(0x000000002e890000,0x000000002e990000)]
  0x0000000019dac000 JavaThread "WorkerExecutor Queue Thread 2" [_thread_blocked, id=19052, stack(0x000000002e270000,0x000000002e370000)]
  0x0000000019dad800 JavaThread "stdout" [_thread_in_native, id=11172, stack(0x000000002e4f0000,0x000000002e5f0000)]
  0x0000000019dad000 JavaThread "stderr" [_thread_in_native, id=8328, stack(0x000000002e3f0000,0x000000002e4f0000)]
  0x0000000019da9000 JavaThread "pool-10-thread-1" [_thread_blocked, id=13072, stack(0x000000002e170000,0x000000002e270000)]
  0x0000000019da7000 JavaThread "WorkerExecutor Queue" [_thread_blocked, id=6860, stack(0x000000002e070000,0x000000002e170000)]
  0x0000000019da7800 JavaThread "Cache worker for execution history cache (D:\AndroidStudio\FinalProject\.gradle\6.5\executionHistory)" [_thread_blocked, id=20112, stack(0x000000002df70000,0x000000002e070000)]
  0x0000000019dab800 JavaThread "Execution worker for ':' Thread 7" [_thread_blocked, id=17800, stack(0x000000002de70000,0x000000002df70000)]
  0x000000001f603000 JavaThread "Execution worker for ':' Thread 6" [_thread_blocked, id=20852, stack(0x000000002d370000,0x000000002d470000)]
  0x000000001f601000 JavaThread "Execution worker for ':' Thread 5" [_thread_blocked, id=19108, stack(0x000000002d270000,0x000000002d370000)]
  0x000000001f600000 JavaThread "Execution worker for ':' Thread 4" [_thread_blocked, id=20260, stack(0x000000002cd70000,0x000000002ce70000)]
  0x000000001f601800 JavaThread "Execution worker for ':' Thread 3" [_thread_blocked, id=6500, stack(0x000000002c870000,0x000000002c970000)]
  0x000000001ba31800 JavaThread "Execution worker for ':' Thread 2" [_thread_blocked, id=6380, stack(0x000000002c470000,0x000000002c570000)]
  0x000000001ba30800 JavaThread "Execution worker for ':'" [_thread_blocked, id=19008, stack(0x000000002c070000,0x000000002c170000)]
  0x000000001ba30000 JavaThread "Cache worker for file content cache (D:\AndroidStudio\FinalProject\.gradle\6.5\fileContent)" [_thread_blocked, id=11744, stack(0x000000002b940000,0x000000002ba40000)]
  0x000000001ba2d000 JavaThread "Cache worker for Build Output Cleanup Cache (D:\AndroidStudio\FinalProject\.gradle\buildOutputCleanup)" [_thread_blocked, id=17828, stack(0x0000000024640000,0x0000000024740000)]
  0x000000001ba2f000 JavaThread "Build operations Thread 8" [_thread_in_Java, id=13752, stack(0x0000000024540000,0x0000000024640000)]
  0x000000001ba32000 JavaThread "Build operations Thread 7" [_thread_blocked, id=20596, stack(0x0000000024440000,0x0000000024540000)]
  0x000000001ba2e800 JavaThread "Build operations Thread 6" [_thread_in_Java, id=5728, stack(0x0000000024340000,0x0000000024440000)]
  0x000000001ba26800 JavaThread "Build operations Thread 5" [_thread_in_Java, id=13376, stack(0x0000000024240000,0x0000000024340000)]
  0x000000001eb66000 JavaThread "Build operations Thread 4" [_thread_blocked, id=9332, stack(0x0000000024140000,0x0000000024240000)]
  0x000000001eb6c800 JavaThread "Build operations Thread 3" [_thread_blocked, id=15556, stack(0x0000000024040000,0x0000000024140000)]
  0x000000001eb6b000 JavaThread "Build operations Thread 2" [_thread_blocked, id=16116, stack(0x0000000023f40000,0x0000000024040000)]
  0x000000001eb65800 JavaThread "Build operations" [_thread_in_Java, id=17340, stack(0x0000000023e40000,0x0000000023f40000)]
  0x000000001eb6a000 JavaThread "Cache worker for cache directory md-rule (C:\Users\feimi\.gradle\caches\6.5\md-rule)" [_thread_blocked, id=21340, stack(0x000000001e6c0000,0x000000001e7c0000)]
  0x000000001eb6b800 JavaThread "Cache worker for cache directory md-supplier (C:\Users\feimi\.gradle\caches\6.5\md-supplier)" [_thread_blocked, id=11212, stack(0x000000001e0c0000,0x000000001e1c0000)]
  0x000000001eb69800 JavaThread "Cache worker for checksums cache (D:\AndroidStudio\FinalProject\.gradle\checksums)" [_thread_blocked, id=19940, stack(0x000000001ddc0000,0x000000001dec0000)]
  0x000000001eb68800 JavaThread "Cache worker for file hash cache (D:\AndroidStudio\FinalProject\.gradle\6.5\fileHashes)" [_thread_blocked, id=8212, stack(0x000000001dcc0000,0x000000001ddc0000)]
  0x000000001eb67800 JavaThread "Thread-510" [_thread_in_vm, id=14552, stack(0x000000001dbc0000,0x000000001dcc0000)]
  0x000000001c58d000 JavaThread "Stdin handler" [_thread_blocked, id=19668, stack(0x000000001dac0000,0x000000001dbc0000)]
  0x000000001c591000 JavaThread "Asynchronous log dispatcher for DefaultDaemonConnection: socket connection from /127.0.0.1:55169 to /127.0.0.1:56581" [_thread_blocked, id=17736, stack(0x000000001d510000,0x000000001d610000)]
  0x000000001c58b000 JavaThread "Cancel handler" [_thread_blocked, id=13988, stack(0x0000000000d50000,0x0000000000e50000)]
  0x000000001c58c800 JavaThread "Handler for socket connection from /127.0.0.1:55169 to /127.0.0.1:56581" [_thread_in_native, id=15964, stack(0x0000000000c50000,0x0000000000d50000)]
  0x000000001f5ff800 JavaThread "jar transforms Thread 368" [_thread_blocked, id=20244, stack(0x000000002a640000,0x000000002a740000)]
  0x000000001f5fe800 JavaThread "jar transforms Thread 367" [_thread_blocked, id=14668, stack(0x0000000029840000,0x0000000029940000)]
  0x000000001f604000 JavaThread "jar transforms Thread 366" [_thread_blocked, id=12128, stack(0x0000000029340000,0x0000000029440000)]
  0x000000001f602800 JavaThread "jar transforms Thread 365" [_thread_blocked, id=10560, stack(0x0000000029240000,0x0000000029340000)]
  0x000000001f5f7000 JavaThread "jar transforms Thread 364" [_thread_blocked, id=9056, stack(0x0000000029140000,0x0000000029240000)]
  0x000000001f5fe000 JavaThread "jar transforms Thread 363" [_thread_blocked, id=21148, stack(0x0000000029040000,0x0000000029140000)]
  0x000000001f5f6800 JavaThread "jar transforms Thread 362" [_thread_blocked, id=6756, stack(0x0000000028f40000,0x0000000029040000)]
  0x000000001f5fd000 JavaThread "jar transforms Thread 361" [_thread_blocked, id=7796, stack(0x0000000028e40000,0x0000000028f40000)]
  0x000000001f5fc800 JavaThread "jar transforms Thread 360" [_thread_blocked, id=11132, stack(0x0000000028d40000,0x0000000028e40000)]
  0x000000001f5f5000 JavaThread "jar transforms Thread 359" [_thread_blocked, id=16648, stack(0x0000000028c40000,0x0000000028d40000)]
  0x000000001f5fb800 JavaThread "jar transforms Thread 358" [_thread_blocked, id=2624, stack(0x0000000028b40000,0x0000000028c40000)]
  0x000000001f5f8800 JavaThread "jar transforms Thread 357" [_thread_blocked, id=11016, stack(0x0000000028a40000,0x0000000028b40000)]
  0x000000001f5fb000 JavaThread "jar transforms Thread 356" [_thread_blocked, id=17448, stack(0x0000000028940000,0x0000000028a40000)]
  0x000000001f5f9800 JavaThread "jar transforms Thread 355" [_thread_blocked, id=18592, stack(0x0000000028840000,0x0000000028940000)]
  0x000000002acc2000 JavaThread "jar transforms Thread 354" [_thread_blocked, id=19824, stack(0x0000000028740000,0x0000000028840000)]
  0x000000002acc7800 JavaThread "jar transforms Thread 353" [_thread_blocked, id=7892, stack(0x0000000028640000,0x0000000028740000)]
  0x000000002acc6800 JavaThread "jar transforms Thread 352" [_thread_blocked, id=18660, stack(0x0000000028540000,0x0000000028640000)]
  0x000000002acc5000 JavaThread "jar transforms Thread 351" [_thread_blocked, id=19992, stack(0x0000000028440000,0x0000000028540000)]
  0x000000002acc3800 JavaThread "jar transforms Thread 350" [_thread_blocked, id=11064, stack(0x0000000028340000,0x0000000028440000)]
  0x000000002acc1800 JavaThread "jar transforms Thread 349" [_thread_blocked, id=21232, stack(0x0000000028240000,0x0000000028340000)]
  0x000000002acc4800 JavaThread "jar transforms Thread 348" [_thread_blocked, id=19756, stack(0x0000000028140000,0x0000000028240000)]
  0x000000002acc3000 JavaThread "jar transforms Thread 347" [_thread_blocked, id=7108, stack(0x0000000028040000,0x0000000028140000)]
  0x000000002acc6000 JavaThread "jar transforms Thread 346" [_thread_blocked, id=15392, stack(0x0000000027f40000,0x0000000028040000)]
  0x000000002acc0800 JavaThread "jar transforms Thread 345" [_thread_blocked, id=18348, stack(0x0000000027e40000,0x0000000027f40000)]
  0x000000002acb9000 JavaThread "jar transforms Thread 344" [_thread_blocked, id=19452, stack(0x0000000027d40000,0x0000000027e40000)]
  0x000000002acc0000 JavaThread "jar transforms Thread 343" [_thread_blocked, id=2208, stack(0x0000000027c40000,0x0000000027d40000)]
  0x000000002acbb800 JavaThread "jar transforms Thread 342" [_thread_blocked, id=17756, stack(0x0000000027b40000,0x0000000027c40000)]
  0x000000002acba800 JavaThread "jar transforms Thread 341" [_thread_blocked, id=17308, stack(0x0000000027a40000,0x0000000027b40000)]
  0x000000002acbc000 JavaThread "jar transforms Thread 340" [_thread_blocked, id=20820, stack(0x0000000027940000,0x0000000027a40000)]
  0x000000002acba000 JavaThread "jar transforms Thread 339" [_thread_blocked, id=18216, stack(0x0000000027840000,0x0000000027940000)]
  0x000000002acbe800 JavaThread "jar transforms Thread 338" [_thread_blocked, id=18972, stack(0x0000000027740000,0x0000000027840000)]
  0x000000002acbf000 JavaThread "jar transforms Thread 337" [_thread_blocked, id=16216, stack(0x0000000027640000,0x0000000027740000)]
  0x000000002acbd800 JavaThread "jar transforms Thread 336" [_thread_blocked, id=13500, stack(0x0000000027540000,0x0000000027640000)]
  0x00000000203e3800 JavaThread "jar transforms Thread 335" [_thread_blocked, id=20560, stack(0x0000000027440000,0x0000000027540000)]
  0x00000000203e4800 JavaThread "jar transforms Thread 334" [_thread_blocked, id=17508, stack(0x0000000027340000,0x0000000027440000)]
  0x00000000203e6000 JavaThread "jar transforms Thread 333" [_thread_blocked, id=5328, stack(0x0000000027240000,0x0000000027340000)]
  0x00000000203e5000 JavaThread "jar transforms Thread 332" [_thread_blocked, id=18000, stack(0x0000000027140000,0x0000000027240000)]
  0x00000000203e3000 JavaThread "jar transforms Thread 331" [_thread_blocked, id=20716, stack(0x0000000027040000,0x0000000027140000)]
  0x00000000203e7800 JavaThread "jar transforms Thread 330" [_thread_blocked, id=19780, stack(0x0000000026f40000,0x0000000027040000)]
  0x00000000203db000 JavaThread "jar transforms Thread 329" [_thread_blocked, id=4408, stack(0x0000000026e40000,0x0000000026f40000)]
  0x00000000203e2000 JavaThread "jar transforms Thread 328" [_thread_blocked, id=18324, stack(0x0000000026d40000,0x0000000026e40000)]
  0x00000000203e0000 JavaThread "jar transforms Thread 327" [_thread_blocked, id=20444, stack(0x0000000026c40000,0x0000000026d40000)]
  0x00000000203e0800 JavaThread "jar transforms Thread 326" [_thread_blocked, id=16920, stack(0x0000000026b40000,0x0000000026c40000)]
  0x00000000203e1800 JavaThread "jar transforms Thread 325" [_thread_blocked, id=1520, stack(0x0000000026a40000,0x0000000026b40000)]
  0x00000000203d8000 JavaThread "jar transforms Thread 324" [_thread_blocked, id=19444, stack(0x0000000026940000,0x0000000026a40000)]
  0x00000000203da800 JavaThread "jar transforms Thread 323" [_thread_blocked, id=8636, stack(0x0000000026840000,0x0000000026940000)]
  0x00000000203d9000 JavaThread "jar transforms Thread 322" [_thread_blocked, id=18736, stack(0x0000000026740000,0x0000000026840000)]
  0x00000000203df000 JavaThread "jar transforms Thread 321" [_thread_blocked, id=11716, stack(0x0000000026640000,0x0000000026740000)]
  0x00000000203dc000 JavaThread "jar transforms Thread 320" [_thread_blocked, id=14544, stack(0x0000000026540000,0x0000000026640000)]
  0x00000000203d9800 JavaThread "jar transforms Thread 319" [_thread_blocked, id=18460, stack(0x0000000026440000,0x0000000026540000)]
  0x00000000203de800 JavaThread "jar transforms Thread 318" [_thread_blocked, id=19588, stack(0x0000000026340000,0x0000000026440000)]
  0x00000000203dd800 JavaThread "jar transforms Thread 317" [_thread_blocked, id=8544, stack(0x0000000026240000,0x0000000026340000)]
  0x00000000203dc800 JavaThread "jar transforms Thread 316" [_thread_blocked, id=18168, stack(0x0000000026140000,0x0000000026240000)]
  0x000000001b0d5000 JavaThread "jar transforms Thread 315" [_thread_blocked, id=5228, stack(0x0000000026040000,0x0000000026140000)]
  0x000000001b0d7000 JavaThread "jar transforms Thread 314" [_thread_blocked, id=7928, stack(0x0000000025f40000,0x0000000026040000)]
  0x000000001b0d1000 JavaThread "jar transforms Thread 313" [_thread_blocked, id=19716, stack(0x0000000025e40000,0x0000000025f40000)]
  0x000000001b0d6800 JavaThread "jar transforms Thread 312" [_thread_blocked, id=15380, stack(0x0000000025d40000,0x0000000025e40000)]
  0x000000001b0cf800 JavaThread "jar transforms Thread 311" [_thread_blocked, id=14484, stack(0x0000000025c40000,0x0000000025d40000)]
  0x000000001b0d4000 JavaThread "jar transforms Thread 310" [_thread_blocked, id=16096, stack(0x0000000025b40000,0x0000000025c40000)]
  0x000000001b0d3800 JavaThread "jar transforms Thread 309" [_thread_blocked, id=13040, stack(0x0000000025a40000,0x0000000025b40000)]
  0x000000001b0d5800 JavaThread "jar transforms Thread 308" [_thread_blocked, id=19024, stack(0x0000000025940000,0x0000000025a40000)]
  0x000000001b0d2000 JavaThread "jar transforms Thread 307" [_thread_blocked, id=3484, stack(0x0000000025840000,0x0000000025940000)]
  0x000000001b0d0800 JavaThread "jar transforms Thread 306" [_thread_blocked, id=5668, stack(0x0000000025740000,0x0000000025840000)]
  0x000000001b0c9000 JavaThread "jar transforms Thread 305" [_thread_blocked, id=21000, stack(0x0000000025640000,0x0000000025740000)]
  0x000000001b0c8000 JavaThread "jar transforms Thread 304" [_thread_blocked, id=15444, stack(0x0000000025540000,0x0000000025640000)]
  0x000000001b0ce000 JavaThread "jar transforms Thread 303" [_thread_blocked, id=6932, stack(0x0000000025440000,0x0000000025540000)]
  0x000000001b0cc000 JavaThread "jar transforms Thread 302" [_thread_blocked, id=17684, stack(0x0000000025340000,0x0000000025440000)]
  0x000000001b0cd800 JavaThread "jar transforms Thread 301" [_thread_blocked, id=18612, stack(0x0000000025240000,0x0000000025340000)]
  0x000000001b0cb000 JavaThread "jar transforms Thread 300" [_thread_blocked, id=18540, stack(0x0000000025140000,0x0000000025240000)]
  0x000000001b0cc800 JavaThread "jar transforms Thread 299" [_thread_blocked, id=8536, stack(0x0000000025040000,0x0000000025140000)]
  0x000000001b0ca800 JavaThread "jar transforms Thread 298" [_thread_blocked, id=16672, stack(0x0000000024f40000,0x0000000025040000)]
  0x000000001b0c9800 JavaThread "jar transforms Thread 297" [_thread_blocked, id=14576, stack(0x0000000024e40000,0x0000000024f40000)]
  0x000000001b0cf000 JavaThread "jar transforms Thread 296" [_thread_blocked, id=9664, stack(0x0000000024d40000,0x0000000024e40000)]
  0x000000001ba34800 JavaThread "jar transforms Thread 295" [_thread_blocked, id=17444, stack(0x0000000024c40000,0x0000000024d40000)]
  0x000000001ba33000 JavaThread "jar transforms Thread 294" [_thread_blocked, id=10128, stack(0x0000000024740000,0x0000000024840000)]
  0x000000001ba2c000 JavaThread "jar transforms Thread 293" [_thread_blocked, id=14060, stack(0x0000000023d40000,0x0000000023e40000)]
  0x000000001ba2d800 JavaThread "jar transforms Thread 292" [_thread_blocked, id=6648, stack(0x0000000023c40000,0x0000000023d40000)]
  0x000000001ba2a800 JavaThread "jar transforms Thread 291" [_thread_blocked, id=21428, stack(0x0000000023b40000,0x0000000023c40000)]
  0x000000001ba29000 JavaThread "jar transforms Thread 290" [_thread_blocked, id=21392, stack(0x0000000023a40000,0x0000000023b40000)]
  0x000000001ba28800 JavaThread "jar transforms Thread 289" [_thread_blocked, id=8604, stack(0x0000000023940000,0x0000000023a40000)]
  0x000000001ba27800 JavaThread "jar transforms Thread 288" [_thread_blocked, id=1228, stack(0x0000000023740000,0x0000000023840000)]
  0x000000001ba2b800 JavaThread "jar transforms Thread 287" [_thread_blocked, id=15680, stack(0x0000000023640000,0x0000000023740000)]
  0x000000001ba26000 JavaThread "jar transforms Thread 286" [_thread_blocked, id=17752, stack(0x0000000023540000,0x0000000023640000)]
  0x000000001ba2a000 JavaThread "jar transforms Thread 285" [_thread_blocked, id=17244, stack(0x0000000023440000,0x0000000023540000)]
  0x000000001eb74000 JavaThread "jar transforms Thread 284" [_thread_blocked, id=20636, stack(0x0000000023340000,0x0000000023440000)]
  0x000000001eb72800 JavaThread "jar transforms Thread 283" [_thread_blocked, id=16156, stack(0x0000000023240000,0x0000000023340000)]
  0x000000001eb73000 JavaThread "jar transforms Thread 282" [_thread_blocked, id=4892, stack(0x0000000023140000,0x0000000023240000)]
  0x000000001eb6e000 JavaThread "jar transforms Thread 281" [_thread_blocked, id=14992, stack(0x0000000023040000,0x0000000023140000)]
  0x000000001eb70000 JavaThread "jar transforms Thread 280" [_thread_blocked, id=15632, stack(0x0000000022840000,0x0000000022940000)]
  0x000000001eb71800 JavaThread "jar transforms Thread 279" [_thread_blocked, id=15568, stack(0x0000000022040000,0x0000000022140000)]
  0x000000001eb6f800 JavaThread "jar transforms Thread 278" [_thread_blocked, id=5048, stack(0x0000000020ce0000,0x0000000020de0000)]
  0x000000001eb71000 JavaThread "jar transforms Thread 277" [_thread_blocked, id=13980, stack(0x0000000020be0000,0x0000000020ce0000)]
  0x000000001eb67000 JavaThread "Daemon worker Thread 4" [_thread_blocked, id=4288, stack(0x000000001d410000,0x000000001d510000)]
  0x000000001eb64800 JavaThread "Daemon Thread 4" [_thread_blocked, id=5016, stack(0x0000000000b50000,0x0000000000c50000)]
  0x000000001b0d2800 JavaThread "Memory manager" [_thread_blocked, id=8728, stack(0x000000002a540000,0x000000002a640000)]
  0x000000001c58e800 JavaThread "Cache worker for file content cache (C:\Users\feimi\.gradle\caches\6.5\fileContent)" [_thread_blocked, id=14784, stack(0x0000000022940000,0x0000000022a40000)]
  0x000000001c58e000 JavaThread "Cache worker for execution history cache (C:\Users\feimi\.gradle\caches\6.5\executionHistory)" [_thread_blocked, id=17148, stack(0x0000000022140000,0x0000000022240000)]
  0x000000001c590800 JavaThread "Cache worker for file hash cache (C:\Users\feimi\.gradle\caches\6.5\fileHashes)" [_thread_blocked, id=15932, stack(0x000000001e5c0000,0x000000001e6c0000)]
  0x000000001c58b800 JavaThread "File lock request listener" [_thread_in_native, id=20120, stack(0x000000001e4c0000,0x000000001e5c0000)]
  0x000000001bd5b000 JavaThread "Cache worker for journal cache (C:\Users\feimi\.gradle\caches\journal-1)" [_thread_blocked, id=16804, stack(0x000000001e3c0000,0x000000001e4c0000)]
  0x000000001c45f800 JavaThread "Daemon periodic checks" [_thread_blocked, id=16732, stack(0x000000001d7c0000,0x000000001d8c0000)]
  0x000000001c3d5800 JavaThread "Incoming local TCP Connector on port 55169" [_thread_in_native, id=11600, stack(0x000000001d610000,0x000000001d710000)]
  0x0000000019d25000 JavaThread "Daemon health stats" [_thread_blocked, id=2428, stack(0x000000001d310000,0x000000001d410000)]
  0x0000000019c9e800 JavaThread "Service Thread" daemon [_thread_blocked, id=4416, stack(0x000000001a770000,0x000000001a870000)]
  0x0000000017dbd000 JavaThread "C1 CompilerThread3" daemon [_thread_blocked, id=7040, stack(0x000000001a670000,0x000000001a770000)]
  0x0000000019bb2000 JavaThread "C2 CompilerThread2" daemon [_thread_in_native, id=16280, stack(0x000000001a570000,0x000000001a670000)]
=>0x0000000019bae800 JavaThread "C2 CompilerThread1" daemon [_thread_in_native, id=16356, stack(0x000000001a470000,0x000000001a570000)]
  0x0000000019bab000 JavaThread "C2 CompilerThread0" daemon [_thread_in_native, id=17868, stack(0x000000001a370000,0x000000001a470000)]
  0x0000000019c08000 JavaThread "Attach Listener" daemon [_thread_blocked, id=11004, stack(0x000000001a270000,0x000000001a370000)]
  0x0000000019c07000 JavaThread "Signal Dispatcher" daemon [_thread_blocked, id=936, stack(0x000000001a170000,0x000000001a270000)]
  0x0000000002d3d800 JavaThread "Finalizer" daemon [_thread_blocked, id=19276, stack(0x000000001a070000,0x000000001a170000)]
  0x0000000019b90800 JavaThread "Reference Handler" daemon [_thread_blocked, id=13544, stack(0x0000000019f70000,0x000000001a070000)]
  0x0000000002c3d800 JavaThread "main" [_thread_blocked, id=2080, stack(0x0000000002a40000,0x0000000002b40000)]

Other Threads:
  0x0000000017da8000 VMThread [stack: 0x0000000019a70000,0x0000000019b70000] [id=15724]
  0x0000000019c9f000 WatcherThread [stack: 0x000000001a870000,0x000000001a970000] [id=21168]

VM state:not at safepoint (normal execution)

VM Mutex/Monitor currently owned by a thread: None

heap address: 0x0000000080000000, size: 2048 MB, Compressed Oops mode: 32-bit
Narrow klass base: 0x0000000000000000, Narrow klass shift: 3
Compressed class space size: 1073741824 Address: 0x0000000100000000

Heap:
 PSYoungGen      total 567808K, used 121753K [0x00000000d5580000, 0x0000000100000000, 0x0000000100000000)
  eden space 516096K, 20% used [0x00000000d5580000,0x00000000dbca3d68,0x00000000f4d80000)
  from space 51712K, 31% used [0x00000000f4d80000,0x00000000f5d42960,0x00000000f8000000)
  to   space 50176K, 0% used [0x00000000fcf00000,0x00000000fcf00000,0x0000000100000000)
 ParOldGen       total 195584K, used 156624K [0x0000000080000000, 0x000000008bf00000, 0x00000000d5580000)
  object space 195584K, 80% used [0x0000000080000000,0x00000000898f41e8,0x000000008bf00000)
 Metaspace       used 106912K, capacity 113224K, committed 113496K, reserved 1146880K
  class space    used 13951K, capacity 15168K, committed 15232K, reserved 1048576K

Card table byte_map: [0x0000000012100000,0x0000000012510000] byte_map_base: 0x0000000011d00000

Marking Bits: (ParMarkBitMap*) 0x00000000557cf030
 Begin Bits: [0x0000000012fc0000, 0x0000000014fc0000)
 End Bits:   [0x0000000014fc0000, 0x0000000016fc0000)

Polling page: 0x0000000000960000

CodeCache: size=245760Kb used=63454Kb max_used=63454Kb free=182305Kb
 bounds [0x0000000002d40000, 0x0000000006bb0000, 0x0000000011d40000]
 total_blobs=18908 nmethods=17986 adapters=832
 compilation: enabled

Compilation events (10 events):
Event: 1297.020 Thread 0x0000000017dbd000 nmethod 22032% 0x000000000324a210 code [0x000000000324a380, 0x000000000324a568]
Event: 1297.052 Thread 0x0000000017dbd000 22033       2       com.android.tools.r8.s.b.o1::<init> (7 bytes)
Event: 1297.052 Thread 0x0000000017dbd000 nmethod 22033 0x0000000003249e90 code [0x000000000324a000, 0x000000000324a168]
Event: 1297.264 Thread 0x0000000017dbd000 22036       3       com.android.tools.r8.graph.W0::d (97 bytes)
Event: 1297.271 Thread 0x0000000017dbd000 nmethod 22036 0x0000000004f630d0 code [0x0000000004f632a0, 0x0000000004f63c38]
Event: 1297.352 Thread 0x0000000017dbd000 22037       2       com.android.tools.r8.s.b.o::b (325 bytes)
Event: 1297.366 Thread 0x0000000017dbd000 nmethod 22037 0x00000000059e1190 code [0x00000000059e15c0, 0x00000000059e2798]
Event: 1297.366 Thread 0x0000000017dbd000 22038       1       com.android.tools.r8.s.b.v::s (2 bytes)
Event: 1297.366 Thread 0x0000000017dbd000 nmethod 22038 0x0000000003249450 code [0x00000000032495a0, 0x00000000032496b0]
Event: 1297.385 Thread 0x0000000017dbd000 22039       3       com.android.tools.r8.graph.K::a (277 bytes)

GC Heap History (10 events):
Event: 1292.595 GC heap before
{Heap before GC invocations=25 (full 4):
 PSYoungGen      total 360448K, used 360439K [0x00000000d5580000, 0x00000000f2000000, 0x0000000100000000)
  eden space 320512K, 100% used [0x00000000d5580000,0x00000000e8e80000,0x00000000e8e80000)
  from space 39936K, 99% used [0x00000000ec500000,0x00000000eebfddd0,0x00000000eec00000)
  to   space 55808K, 0% used [0x00000000e8e80000,0x00000000e8e80000,0x00000000ec500000)
 ParOldGen       total 195584K, used 90910K [0x0000000080000000, 0x000000008bf00000, 0x00000000d5580000)
  object space 195584K, 46% used [0x0000000080000000,0x00000000858c7b80,0x000000008bf00000)
 Metaspace       used 105710K, capacity 111934K, committed 112216K, reserved 1146880K
  class space    used 13936K, capacity 15157K, committed 15232K, reserved 1048576K
Event: 1292.661 GC heap after
Heap after GC invocations=25 (full 4):
 PSYoungGen      total 376320K, used 40461K [0x00000000d5580000, 0x00000000f5200000, 0x0000000100000000)
  eden space 320512K, 0% used [0x00000000d5580000,0x00000000d5580000,0x00000000e8e80000)
  from space 55808K, 72% used [0x00000000e8e80000,0x00000000eb6037b0,0x00000000ec500000)
  to   space 58880K, 0% used [0x00000000f1880000,0x00000000f1880000,0x00000000f5200000)
 ParOldGen       total 195584K, used 101987K [0x0000000080000000, 0x000000008bf00000, 0x00000000d5580000)
  object space 195584K, 52% used [0x0000000080000000,0x0000000086398f90,0x000000008bf00000)
 Metaspace       used 105710K, capacity 111934K, committed 112216K, reserved 1146880K
  class space    used 13936K, capacity 15157K, committed 15232K, reserved 1048576K
}
Event: 1293.368 GC heap before
{Heap before GC invocations=26 (full 4):
 PSYoungGen      total 376320K, used 360973K [0x00000000d5580000, 0x00000000f5200000, 0x0000000100000000)
  eden space 320512K, 100% used [0x00000000d5580000,0x00000000e8e80000,0x00000000e8e80000)
  from space 55808K, 72% used [0x00000000e8e80000,0x00000000eb6037b0,0x00000000ec500000)
  to   space 58880K, 0% used [0x00000000f1880000,0x00000000f1880000,0x00000000f5200000)
 ParOldGen       total 195584K, used 101987K [0x0000000080000000, 0x000000008bf00000, 0x00000000d5580000)
  object space 195584K, 52% used [0x0000000080000000,0x0000000086398f90,0x000000008bf00000)
 Metaspace       used 106177K, capacity 112460K, committed 112728K, reserved 1146880K
  class space    used 13943K, capacity 15164K, committed 15232K, reserved 1048576K
Event: 1293.411 GC heap after
Heap after GC invocations=26 (full 4):
 PSYoungGen      total 464384K, used 22796K [0x00000000d5580000, 0x00000000f5180000, 0x0000000100000000)
  eden space 406016K, 0% used [0x00000000d5580000,0x00000000d5580000,0x00000000ee200000)
  from space 58368K, 39% used [0x00000000f1880000,0x00000000f2ec32f0,0x00000000f5180000)
  to   space 55808K, 0% used [0x00000000ee200000,0x00000000ee200000,0x00000000f1880000)
 ParOldGen       total 195584K, used 123729K [0x0000000080000000, 0x000000008bf00000, 0x00000000d5580000)
  object space 195584K, 63% used [0x0000000080000000,0x00000000878d44b8,0x000000008bf00000)
 Metaspace       used 106177K, capacity 112460K, committed 112728K, reserved 1146880K
  class space    used 13943K, capacity 15164K, committed 15232K, reserved 1048576K
}
Event: 1294.322 GC heap before
{Heap before GC invocations=27 (full 4):
 PSYoungGen      total 464384K, used 428812K [0x00000000d5580000, 0x00000000f5180000, 0x0000000100000000)
  eden space 406016K, 100% used [0x00000000d5580000,0x00000000ee200000,0x00000000ee200000)
  from space 58368K, 39% used [0x00000000f1880000,0x00000000f2ec32f0,0x00000000f5180000)
  to   space 55808K, 0% used [0x00000000ee200000,0x00000000ee200000,0x00000000f1880000)
 ParOldGen       total 195584K, used 123729K [0x0000000080000000, 0x000000008bf00000, 0x00000000d5580000)
  object space 195584K, 63% used [0x0000000080000000,0x00000000878d44b8,0x000000008bf00000)
 Metaspace       used 106684K, capacity 112992K, committed 113240K, reserved 1146880K
  class space    used 13946K, capacity 15164K, committed 15232K, reserved 1048576K
Event: 1294.358 GC heap after
Heap after GC invocations=27 (full 4):
 PSYoungGen      total 461824K, used 17560K [0x00000000d5580000, 0x00000000fb780000, 0x0000000100000000)
  eden space 406016K, 0% used [0x00000000d5580000,0x00000000d5580000,0x00000000ee200000)
  from space 55808K, 31% used [0x00000000ee200000,0x00000000ef3263e0,0x00000000f1880000)
  to   space 53760K, 0% used [0x00000000f8300000,0x00000000f8300000,0x00000000fb780000)
 ParOldGen       total 195584K, used 134524K [0x0000000080000000, 0x000000008bf00000, 0x00000000d5580000)
  object space 195584K, 68% used [0x0000000080000000,0x000000008835f148,0x000000008bf00000)
 Metaspace       used 106684K, capacity 112992K, committed 113240K, reserved 1146880K
  class space    used 13946K, capacity 15164K, committed 15232K, reserved 1048576K
}
Event: 1295.602 GC heap before
{Heap before GC invocations=28 (full 4):
 PSYoungGen      total 461824K, used 423576K [0x00000000d5580000, 0x00000000fb780000, 0x0000000100000000)
  eden space 406016K, 100% used [0x00000000d5580000,0x00000000ee200000,0x00000000ee200000)
  from space 55808K, 31% used [0x00000000ee200000,0x00000000ef3263e0,0x00000000f1880000)
  to   space 53760K, 0% used [0x00000000f8300000,0x00000000f8300000,0x00000000fb780000)
 ParOldGen       total 195584K, used 134524K [0x0000000080000000, 0x000000008bf00000, 0x00000000d5580000)
  object space 195584K, 68% used [0x0000000080000000,0x000000008835f148,0x000000008bf00000)
 Metaspace       used 106862K, capacity 113160K, committed 113240K, reserved 1146880K
  class space    used 13951K, capacity 15168K, committed 15232K, reserved 1048576K
Event: 1295.646 GC heap after
Heap after GC invocations=28 (full 4):
 PSYoungGen      total 564736K, used 18958K [0x00000000d5580000, 0x00000000fb280000, 0x0000000100000000)
  eden space 516096K, 0% used [0x00000000d5580000,0x00000000d5580000,0x00000000f4d80000)
  from space 48640K, 38% used [0x00000000f8300000,0x00000000f9583a38,0x00000000fb280000)
  to   space 51712K, 0% used [0x00000000f4d80000,0x00000000f4d80000,0x00000000f8000000)
 ParOldGen       total 195584K, used 143051K [0x0000000080000000, 0x000000008bf00000, 0x00000000d5580000)
  object space 195584K, 73% used [0x0000000080000000,0x0000000088bb2f70,0x000000008bf00000)
 Metaspace       used 106862K, capacity 113160K, committed 113240K, reserved 1146880K
  class space    used 13951K, capacity 15168K, committed 15232K, reserved 1048576K
}
Event: 1296.609 GC heap before
{Heap before GC invocations=29 (full 4):
 PSYoungGen      total 564736K, used 535054K [0x00000000d5580000, 0x00000000fb280000, 0x0000000100000000)
  eden space 516096K, 100% used [0x00000000d5580000,0x00000000f4d80000,0x00000000f4d80000)
  from space 48640K, 38% used [0x00000000f8300000,0x00000000f9583a38,0x00000000fb280000)
  to   space 51712K, 0% used [0x00000000f4d80000,0x00000000f4d80000,0x00000000f8000000)
 ParOldGen       total 195584K, used 143051K [0x0000000080000000, 0x000000008bf00000, 0x00000000d5580000)
  object space 195584K, 73% used [0x0000000080000000,0x0000000088bb2f70,0x000000008bf00000)
 Metaspace       used 106908K, capacity 113224K, committed 113496K, reserved 1146880K
  class space    used 13951K, capacity 15168K, committed 15232K, reserved 1048576K
Event: 1297.002 GC heap after
Heap after GC invocations=29 (full 4):
 PSYoungGen      total 567808K, used 16138K [0x00000000d5580000, 0x0000000100000000, 0x0000000100000000)
  eden space 516096K, 0% used [0x00000000d5580000,0x00000000d5580000,0x00000000f4d80000)
  from space 51712K, 31% used [0x00000000f4d80000,0x00000000f5d42960,0x00000000f8000000)
  to   space 50176K, 0% used [0x00000000fcf00000,0x00000000fcf00000,0x0000000100000000)
 ParOldGen       total 195584K, used 156624K [0x0000000080000000, 0x000000008bf00000, 0x00000000d5580000)
  object space 195584K, 80% used [0x0000000080000000,0x00000000898f41e8,0x000000008bf00000)
 Metaspace       used 106908K, capacity 113224K, committed 113496K, reserved 1146880K
  class space    used 13951K, capacity 15168K, committed 15232K, reserved 1048576K
}

Deoptimization events (10 events):
Event: 1294.399 Thread 0x000000001eb65800 Uncommon trap: reason=unstable_if action=reinterpret pc=0x0000000006478958 method=com.android.tools.r8.s.a.h.e.b(Lcom/android/tools/r8/s/b/k0;)V @ 11
Event: 1295.329 Thread 0x000000001ba2e800 Uncommon trap: reason=unstable_if action=reinterpret pc=0x0000000006796a04 method=java.util.concurrent.ConcurrentHashMap.computeIfAbsent(Ljava/lang/Object;Ljava/util/function/Function;)Ljava/lang/Object; @ 281
Event: 1295.588 Thread 0x000000001ba2f000 Uncommon trap: reason=unstable_if action=reinterpret pc=0x0000000006b35b60 method=com.android.tools.r8.ir.conversion.N.b(ILcom/android/tools/r8/graph/s;)V @ 51
Event: 1295.665 Thread 0x000000001eb65800 Uncommon trap: reason=unstable_if action=reinterpret pc=0x0000000005c8a308 method=com.android.tools.r8.z.a.a.f.a(II[C)Ljava/lang/String; @ 32
Event: 1295.665 Thread 0x000000001eb65800 Uncommon trap: reason=unstable_if action=reinterpret pc=0x00000000055dc27c method=com.android.tools.r8.graph.i0.a(C)I @ 7
Event: 1295.665 Thread 0x000000001eb65800 Uncommon trap: reason=unstable_if action=reinterpret pc=0x0000000005517e00 method=com.android.tools.r8.graph.i0.a(C[BI)I @ 7
Event: 1295.687 Thread 0x000000001eb65800 Uncommon trap: reason=unstable_if action=reinterpret pc=0x0000000004429874 method=com.android.tools.r8.z.a.a.f.a(II[C)Ljava/lang/String; @ 32
Event: 1295.862 Thread 0x000000001eb65800 Uncommon trap: reason=unstable_if action=reinterpret pc=0x00000000066ac694 method=com.android.tools.r8.graph.i0.a([C)I @ 44
Event: 1296.102 Thread 0x000000001ba2f000 Uncommon trap: reason=class_check action=maybe_recompile pc=0x0000000004c0cf28 method=com.android.tools.r8.ir.optimize.r.a(Lcom/android/tools/r8/s/b/X;Lcom/android/tools/r8/utils/n1;)V @ 302
Event: 1296.249 Thread 0x000000001ba2f000 Uncommon trap: reason=unstable_if action=reinterpret pc=0x0000000004c0ca44 method=com.android.tools.r8.ir.optimize.r.a(Lcom/android/tools/r8/s/b/X;Lcom/android/tools/r8/utils/n1;)V @ 252

Classes redefined (0 events):
No events

Internal exceptions (10 events):
Event: 1294.208 Thread 0x000000001ba32000 Exception <a 'sun/nio/fs/WindowsException'> (0x00000000ea465d68) thrown at [C:\src\AOSP-openjdk-git\hotspot\src\share\vm\prims\jni.cpp, line 710]
Event: 1294.299 Thread 0x000000001eb65800 Exception <a 'sun/nio/fs/WindowsException'> (0x00000000ed26f550) thrown at [C:\src\AOSP-openjdk-git\hotspot\src\share\vm\prims\jni.cpp, line 710]
Event: 1294.300 Thread 0x000000001eb6b000 Exception <a 'sun/nio/fs/WindowsException'> (0x00000000ed59f5b8) thrown at [C:\src\AOSP-openjdk-git\hotspot\src\share\vm\prims\jni.cpp, line 710]
Event: 1294.426 Thread 0x000000001ba2f000 Exception <a 'sun/nio/fs/WindowsException'> (0x00000000d7892d98) thrown at [C:\src\AOSP-openjdk-git\hotspot\src\share\vm\prims\jni.cpp, line 710]
Event: 1294.484 Thread 0x000000001eb6b000 Exception <a 'sun/nio/fs/WindowsException'> (0x00000000d92373c0) thrown at [C:\src\AOSP-openjdk-git\hotspot\src\share\vm\prims\jni.cpp, line 710]
Event: 1294.609 Thread 0x000000001eb6b000 Exception <a 'sun/nio/fs/WindowsException'> (0x00000000dca6fa90) thrown at [C:\src\AOSP-openjdk-git\hotspot\src\share\vm\prims\jni.cpp, line 710]
Event: 1294.709 Thread 0x000000001eb65800 Exception <a 'sun/nio/fs/WindowsException'> (0x00000000df39bdd8) thrown at [C:\src\AOSP-openjdk-git\hotspot\src\share\vm\prims\jni.cpp, line 710]
Event: 1295.097 Thread 0x000000001eb6b000 Exception <a 'sun/nio/fs/WindowsException'> (0x00000000e73fd6e8) thrown at [C:\src\AOSP-openjdk-git\hotspot\src\share\vm\prims\jni.cpp, line 710]
Event: 1295.165 Thread 0x000000001eb66000 Exception <a 'sun/nio/fs/WindowsException'> (0x00000000e8f21a38) thrown at [C:\src\AOSP-openjdk-git\hotspot\src\share\vm\prims\jni.cpp, line 710]
Event: 1295.597 Thread 0x000000001eb65800 Exception <a 'sun/nio/fs/WindowsException'> (0x00000000eddaf410) thrown at [C:\src\AOSP-openjdk-git\hotspot\src\share\vm\prims\jni.cpp, line 710]

Events (10 events):
Event: 1297.133 Thread 0x000000001eb65800 DEOPT PACKING pc=0x00000000061d12b4 sp=0x0000000023f39910
Event: 1297.134 Thread 0x000000001eb65800 DEOPT UNPACKING pc=0x0000000002d875d0 sp=0x0000000023f39960 mode 0
Event: 1297.138 Thread 0x000000001ba2e800 DEOPT PACKING pc=0x00000000061d12b4 sp=0x00000000244395d0
Event: 1297.138 Thread 0x000000001ba2e800 DEOPT UNPACKING pc=0x0000000002d875d0 sp=0x0000000024439620 mode 0
Event: 1297.178 Thread 0x000000001ba26800 DEOPT PACKING pc=0x00000000061d1249 sp=0x0000000024339b30
Event: 1297.178 Thread 0x000000001ba26800 DEOPT UNPACKING pc=0x0000000002d875d0 sp=0x0000000024339b78 mode 0
Event: 1297.247 Thread 0x000000001eb65800 DEOPT PACKING pc=0x0000000005c8cec8 sp=0x0000000023f397e0
Event: 1297.247 Thread 0x000000001eb65800 DEOPT UNPACKING pc=0x0000000002d875d0 sp=0x0000000023f39540 mode 0
Event: 1297.269 Thread 0x000000001ba2f000 DEOPT PACKING pc=0x000000000617c767 sp=0x0000000024639c70
Event: 1297.269 Thread 0x000000001ba2f000 DEOPT UNPACKING pc=0x0000000002d875d0 sp=0x0000000024639990 mode 0


Dynamic libraries:
0x00007ff7943f0000 - 0x00007ff794421000 	D:\AndroidStudio\studio\jre\bin\java.exe
0x00007ff850760000 - 0x00007ff850950000 	C:\WINDOWS\SYSTEM32\ntdll.dll
0x00007ff84f060000 - 0x00007ff84f112000 	C:\WINDOWS\System32\KERNEL32.DLL
0x00007ff84e560000 - 0x00007ff84e805000 	C:\WINDOWS\System32\KERNELBASE.dll
0x00007ff84ee30000 - 0x00007ff84eed3000 	C:\WINDOWS\System32\ADVAPI32.dll
0x00007ff850370000 - 0x00007ff85040e000 	C:\WINDOWS\System32\msvcrt.dll
0x00007ff84f900000 - 0x00007ff84f997000 	C:\WINDOWS\System32\sechost.dll
0x00007ff84fa80000 - 0x00007ff84fb9f000 	C:\WINDOWS\System32\RPCRT4.dll
0x00007ff850420000 - 0x00007ff8505b4000 	C:\WINDOWS\System32\USER32.dll
0x00007ff84e2a0000 - 0x00007ff84e2c1000 	C:\WINDOWS\System32\win32u.dll
0x00007ff84fa50000 - 0x00007ff84fa76000 	C:\WINDOWS\System32\GDI32.dll
0x00007ff84e2d0000 - 0x00007ff84e468000 	C:\WINDOWS\System32\gdi32full.dll
0x00007ff84e200000 - 0x00007ff84e29e000 	C:\WINDOWS\System32\msvcp_win.dll
0x00007ff84e100000 - 0x00007ff84e1fa000 	C:\WINDOWS\System32\ucrtbase.dll
0x00007ff84b770000 - 0x00007ff84b9f4000 	C:\WINDOWS\WinSxS\amd64_microsoft.windows.common-controls_6595b64144ccf1df_6.0.18362.1556_none_9e7e372fe45e41d5\COMCTL32.dll
0x00007ff84fcf0000 - 0x00007ff850026000 	C:\WINDOWS\System32\combase.dll
0x00007ff84e4d0000 - 0x00007ff84e551000 	C:\WINDOWS\System32\bcryptPrimitives.dll
0x00007ff84efd0000 - 0x00007ff84effe000 	C:\WINDOWS\System32\IMM32.DLL
0x0000000055e40000 - 0x0000000055f12000 	D:\AndroidStudio\studio\jre\jre\bin\msvcr100.dll
0x0000000055000000 - 0x000000005584b000 	D:\AndroidStudio\studio\jre\jre\bin\server\jvm.dll
0x00007ff850410000 - 0x00007ff850418000 	C:\WINDOWS\System32\PSAPI.DLL
0x00007ff838a20000 - 0x00007ff838a29000 	C:\WINDOWS\SYSTEM32\WSOCK32.dll
0x00007ff848930000 - 0x00007ff848954000 	C:\WINDOWS\SYSTEM32\WINMM.dll
0x00007ff84d3a0000 - 0x00007ff84d3aa000 	C:\WINDOWS\SYSTEM32\VERSION.dll
0x00007ff8488f0000 - 0x00007ff84891d000 	C:\WINDOWS\SYSTEM32\winmmbase.dll
0x00007ff84d700000 - 0x00007ff84d74a000 	C:\WINDOWS\System32\cfgmgr32.dll
0x00007ff84f890000 - 0x00007ff84f8ff000 	C:\WINDOWS\System32\ws2_32.DLL
0x00007ff842310000 - 0x00007ff84231f000 	D:\AndroidStudio\studio\jre\jre\bin\verify.dll
0x00007ff810930000 - 0x00007ff810959000 	D:\AndroidStudio\studio\jre\jre\bin\java.dll
0x00007ff81e2a0000 - 0x00007ff81e2b6000 	D:\AndroidStudio\studio\jre\jre\bin\zip.dll
0x00007ff84f1a0000 - 0x00007ff84f887000 	C:\WINDOWS\System32\SHELL32.dll
0x00007ff850170000 - 0x00007ff850218000 	C:\WINDOWS\System32\shcore.dll
0x00007ff84d820000 - 0x00007ff84df9b000 	C:\WINDOWS\System32\windows.storage.dll
0x00007ff84d620000 - 0x00007ff84d63e000 	C:\WINDOWS\System32\profapi.dll
0x00007ff84d680000 - 0x00007ff84d6ca000 	C:\WINDOWS\System32\powrprof.dll
0x00007ff84d610000 - 0x00007ff84d620000 	C:\WINDOWS\System32\UMPDC.dll
0x00007ff84f000000 - 0x00007ff84f052000 	C:\WINDOWS\System32\shlwapi.dll
0x00007ff84d640000 - 0x00007ff84d651000 	C:\WINDOWS\System32\kernel.appcore.dll
0x00007ff84d750000 - 0x00007ff84d767000 	C:\WINDOWS\System32\cryptsp.dll
0x00007ff81d600000 - 0x00007ff81d61a000 	D:\AndroidStudio\studio\jre\jre\bin\net.dll
0x00007ff84c8e0000 - 0x00007ff84c947000 	C:\WINDOWS\system32\mswsock.dll
0x00007ff81d560000 - 0x00007ff81d573000 	D:\AndroidStudio\studio\jre\jre\bin\nio.dll
0x00007ff82a880000 - 0x00007ff82a8a7000 	C:\Users\feimi\.gradle\native\f6784746aeab05261644944871eae4fe03e0ef1612fff0a4a95f87b438bc6780\windows-amd64\native-platform.dll
0x00007ff8379e0000 - 0x00007ff8379ed000 	D:\AndroidStudio\studio\jre\jre\bin\management.dll
0x00007ff84c450000 - 0x00007ff84c483000 	C:\WINDOWS\system32\rsaenh.dll
0x00007ff84d6d0000 - 0x00007ff84d6f6000 	C:\WINDOWS\System32\bcrypt.dll
0x00007ff84d530000 - 0x00007ff84d555000 	C:\WINDOWS\SYSTEM32\USERENV.dll
0x00007ff84cbb0000 - 0x00007ff84cbbc000 	C:\WINDOWS\SYSTEM32\CRYPTBASE.dll
0x00007ff84cb50000 - 0x00007ff84cb8a000 	C:\WINDOWS\SYSTEM32\IPHLPAPI.DLL
0x00007ff84fba0000 - 0x00007ff84fba8000 	C:\WINDOWS\System32\NSI.dll
0x00007ff844bf0000 - 0x00007ff844c06000 	C:\WINDOWS\SYSTEM32\dhcpcsvc6.DLL
0x00007ff844e10000 - 0x00007ff844e2c000 	C:\WINDOWS\SYSTEM32\dhcpcsvc.DLL
0x00007ff84c640000 - 0x00007ff84c70b000 	C:\WINDOWS\SYSTEM32\DNSAPI.dll
0x00007ff845ad0000 - 0x00007ff845adb000 	C:\WINDOWS\SYSTEM32\WINNSI.DLL
0x00007ff810370000 - 0x00007ff810394000 	D:\AndroidStudio\studio\jre\jre\bin\sunec.dll
0x00007ff843830000 - 0x00007ff84383a000 	C:\Windows\System32\rasadhlp.dll
0x00007ff844b10000 - 0x00007ff844b87000 	C:\WINDOWS\System32\fwpuclnt.dll
0x00007ff8327f0000 - 0x00007ff8327fb000 	D:\AndroidStudio\studio\jre\jre\bin\sunmscapi.dll
0x00007ff84dfa0000 - 0x00007ff84e0f1000 	C:\WINDOWS\System32\CRYPT32.dll
0x00007ff84d660000 - 0x00007ff84d672000 	C:\WINDOWS\System32\MSASN1.dll

VM Arguments:
jvm_args: -Xmx2048m -Dfile.encoding=UTF-8 -Duser.country=CN -Duser.language=zh -Duser.variant 
java_command: org.gradle.launcher.daemon.bootstrap.GradleDaemon 6.5
java_class_path (initial): C:\Users\feimi\.gradle\wrapper\dists\gradle-6.5-bin\6nifqtx7604sqp1q6g8wikw7p\gradle-6.5\lib\gradle-launcher-6.5.jar
Launcher Type: SUN_STANDARD

Environment Variables:
PATH=C:\Program Files (x86)\Python 3.7;C:\Program Files (x86)\Intel\Intel(R) Management Engine Components\iCLS\;C:\Program Files\Intel\Intel(R) Management Engine Components\iCLS\;C:\Windows\system32;C:\Windows;C:\Windows\System32\Wbem;C:\Windows\System32\WindowsPowerShell\v1.0\;C:\Program Files (x86)\Intel\Intel(R) Management Engine Components\DAL;C:\Program Files\Intel\Intel(R) Management Engine Components\DAL;C:\Program Files (x86)\Intel\Intel(R) Management Engine Components\IPT;C:\Program Files\Intel\Intel(R) Management Engine Components\IPT;C:\WINDOWS\system32;C:\WINDOWS;C:\WINDOWS\System32\Wbem;C:\WINDOWS\System32\WindowsPowerShell\v1.0\;C:\WINDOWS\System32\OpenSSH\;C:\Program Files\Intel\WiFi\bin\;C:\Program Files\Common Files\Intel\WirelessCommon\;C:\Program Files (x86)\NVIDIA Corporation\PhysX\Common;C:\Users\feimi\AppData\Local\Programs\Python\Python37;C:\Program Files\Git\cmd;C:\Users\feimi\Desktop\python\Scripts\;C:\Users\feimi\Desktop\python\;C:\Users\feimi\AppData\Local\Microsoft\WindowsApps;C:\Program Files\Java\jdk-12.0.1\bin;
USERNAME=feimi
OS=Windows_NT
PROCESSOR_IDENTIFIER=Intel64 Family 6 Model 142 Stepping 10, GenuineIntel



---------------  S Y S T E M  ---------------

OS: Windows 10.0 , 64 bit Build 18362 (10.0.18362.1500)

CPU:total 8 (initial active 8) (4 cores per cpu, 2 threads per core) family 6 model 142 stepping 10, cmov, cx8, fxsr, mmx, sse, sse2, sse3, ssse3, sse4.1, sse4.2, popcnt, avx, avx2, aes, clmul, erms, 3dnowpref, lzcnt, ht, tsc, tscinvbit, bmi1, bmi2, adx

Memory: 4k page, physical 8268520k(391864k free), swap 20282596k(5636k free)

vm_info: OpenJDK 64-Bit Server VM (25.242-b01) for windows-amd64 JRE (1.8.0_242-release-1644-b01), built by "builder" with MS VC++ 10.0 (VS2010)

time: Sat Jun 26 15:28:14 2021
timezone: 中国标准时间
elapsed time: 1297 seconds (0d 0h 21m 37s)

